[21:38:23] This is prokka 1.13.3
[21:38:23] Written by Torsten Seemann <torsten.seemann@gmail.com>
[21:38:23] Homepage is https://github.com/tseemann/prokka
[21:38:23] Local time is Fri Oct  6 21:38:23 2023
[21:38:23] You are 123242
[21:38:23] Operating system is linux
[21:38:23] You have BioPerl 1.007002
[21:38:23] System has 80 cores.
[21:38:23] Will use maximum of 8 cores.
[21:38:23] Annotating as >>> Bacteria <<<
[21:38:23] Generating locus_tag from '/home/fhwn.ac.at/123242/cam_proj/03_genomes/Megasphaera_elsdenii_2410.fa' contents.
[21:38:23] Setting --locustag FFHCJIBM from MD5 ff1c32b603a0595eede1d7175fb5754b
[21:38:23] Creating new output folder: /home/fhwn.ac.at/123242/cam_proj/06_annotation
[21:38:23] Running: mkdir -p \/home\/fhwn\.ac\.at\/123242\/cam_proj\/06_annotation
[21:38:23] Using filename prefix: PROKKA_10062023.XXX
[21:38:23] Setting HMMER_NCPU=1
[21:38:23] Writing log to: /home/fhwn.ac.at/123242/cam_proj/06_annotation/PROKKA_10062023.log
[21:38:23] Command: /apps/anaconda3/envs/prokka/bin/prokka --outdir /home/fhwn.ac.at/123242/cam_proj/06_annotation --genus Megasphaera --species elsdenii /home/fhwn.ac.at/123242/cam_proj/03_genomes/Megasphaera_elsdenii_2410.fa
[21:38:23] Appending to PATH: /apps/anaconda3/envs/prokka/bin
[21:38:23] Looking for 'aragorn' - found /apps/anaconda3/envs/prokka/bin/aragorn
[21:38:23] Determined aragorn version is 1.2
[21:38:23] Looking for 'barrnap' - found /apps/anaconda3/envs/prokka/bin/barrnap
[21:38:23] Determined barrnap version is 0.9
[21:38:23] Looking for 'blastp' - found /apps/anaconda3/envs/prokka/bin/blastp
[21:38:23] Determined blastp version is 2.9
[21:38:23] Looking for 'cmpress' - found /apps/anaconda3/envs/prokka/bin/cmpress
[21:38:23] Determined cmpress version is 1.1
[21:38:23] Looking for 'cmscan' - found /apps/anaconda3/envs/prokka/bin/cmscan
[21:38:23] Determined cmscan version is 1.1
[21:38:23] Looking for 'egrep' - found /usr/bin/egrep
[21:38:23] Looking for 'find' - found /usr/bin/find
[21:38:23] Looking for 'grep' - found /usr/bin/grep
[21:38:23] Looking for 'hmmpress' - found /apps/anaconda3/envs/prokka/bin/hmmpress
[21:38:23] Determined hmmpress version is 3.2
[21:38:23] Looking for 'hmmscan' - found /apps/anaconda3/envs/prokka/bin/hmmscan
[21:38:23] Determined hmmscan version is 3.2
[21:38:23] Looking for 'java' - found /apps/anaconda3/envs/prokka/bin/java
[21:38:23] Looking for 'less' - found /usr/bin/less
[21:38:23] Looking for 'makeblastdb' - found /apps/anaconda3/envs/prokka/bin/makeblastdb
[21:38:23] Determined makeblastdb version is 2.9
[21:38:23] Looking for 'minced' - found /apps/anaconda3/envs/prokka/bin/minced
[21:38:24] Determined minced version is 4.0
[21:38:24] Looking for 'parallel' - found /apps/anaconda3/envs/prokka/bin/parallel
[21:38:24] Determined parallel version is 20190522
[21:38:24] Looking for 'prodigal' - found /apps/anaconda3/envs/prokka/bin/prodigal
[21:38:24] Determined prodigal version is 2.6
[21:38:24] Looking for 'prokka-genbank_to_fasta_db' - found /apps/anaconda3/envs/prokka/bin/prokka-genbank_to_fasta_db
[21:38:24] Looking for 'sed' - found /usr/bin/sed
[21:38:24] Looking for 'tbl2asn' - found /apps/anaconda3/envs/prokka/bin/tbl2asn
[21:38:24] Determined tbl2asn version is 25.6
[21:38:24] Using genetic code table 11.
[21:38:24] Loading and checking input file: /home/fhwn.ac.at/123242/cam_proj/03_genomes/Megasphaera_elsdenii_2410.fa
[21:38:24] Wrote 1 contigs totalling 2566193 bp.
[21:38:24] Predicting tRNAs and tmRNAs
[21:38:24] Running: aragorn -l -gc11  -w \/home\/fhwn\.ac\.at\/123242\/cam_proj\/06_annotation\/PROKKA_10062023\.fna
[21:38:26] 1 tRNA-Ser c[10325,10413] 36 (cga)
[21:38:26] 2 tRNA-Leu c[144110,144194] 34 (cag)
[21:38:26] 3 tRNA-Glu c[258815,258890] 35 (ttc)
[21:38:26] 4 tRNA-Asn c[258892,258967] 34 (gtt)
[21:38:26] 5 tRNA-Arg c[307912,307988] 35 (acg)
[21:38:26] 6 tRNA-Trp c[308026,308101] 34 (cca)
[21:38:26] 7 tRNA-Ala c[311341,311416] 34 (tgc)
[21:38:26] 8 tRNA-Ile c[311526,311602] 35 (gat)
[21:38:26] 9 tRNA-Ser c[433365,433456] 35 (gga)
[21:38:26] 10 tRNA-Pro c[433511,433587] 35 (cgg)
[21:38:26] 11 tRNA-Ser c[438977,439068] 35 (gga)
[21:38:26] 12 tRNA-Pro c[439139,439215] 35 (cgg)
[21:38:26] 13 tRNA-Leu c[478010,478093] 34 (caa)
[21:38:26] 14 tRNA-Ala [528860,528935] 34 (ggc)
[21:38:26] 15 tRNA-Pro c[532678,532754] 35 (ggg)
[21:38:26] 16 tRNA-Lys c[634162,634237] 34 (ttt)
[21:38:26] 17 tRNA-Gln c[634243,634317] 33 (ttg)
[21:38:26] 18 tRNA-His c[634319,634394] 34 (gtg)
[21:38:26] 19 tRNA-Ser c[661458,661548] 35 (gct)
[21:38:26] 20 tRNA-Ser [698094,698182] 35 (tga)
[21:38:26] 21 tRNA-Leu c[720406,720491] 34 (gag)
[21:38:26] 22 tRNA-Asp c[720517,720593] 35 (gtc)
[21:38:26] 23 tRNA-Leu c[720627,720712] 34 (gag)
[21:38:26] 24 tRNA-Phe c[720731,720806] 34 (gaa)
[21:38:26] 25 tRNA-Asp c[720815,720891] 35 (gtc)
[21:38:26] 26 tRNA-SeC [832097,832193] 35 (tca)
[21:38:26] 27 tRNA-Lys [856821,856915] 37 (ctt)
[21:38:26] 28 tRNA-Val c[885886,885961] 34 (tac)
[21:38:26] 29 tRNA-Glu c[885965,886040] 35 (ttc)
[21:38:26] 30 tRNA-Lys c[886056,886131] 34 (ttt)
[21:38:26] 31 tRNA-Gln c[886136,886210] 33 (ctg)
[21:38:26] 32 tRNA-Asn c[886214,886289] 34 (gtt)
[21:38:26] 33 tRNA-Gly c[886295,886369] 33 (gcc)
[21:38:26] 34 tRNA-Thr c[1140180,1140255] 34 (cgt)
[21:38:26] 35 tRNA-Ala [1142405,1142480] 34 (tgc)
[21:38:26] 36 tRNA-Gly [1234529,1234603] 33 (gcc)
[21:38:26] 37 tRNA-Asn [1234625,1234700] 34 (gtt)
[21:38:26] 38 tRNA-Gln [1234704,1234778] 33 (ctg)
[21:38:26] 39 tRNA-Lys [1234784,1234859] 34 (ttt)
[21:38:26] 40 tRNA-Glu [1234875,1234950] 35 (ttc)
[21:38:26] 41 tRNA-Val [1234957,1235032] 34 (tac)
[21:38:26] 42 tRNA-Arg [1263769,1263845] 35 (cct)
[21:38:26] 43 tRNA-Thr [1296609,1296684] 34 (tgt)
[21:38:26] 44 tRNA-Tyr [1296691,1296776] 35 (gta)
[21:38:26] 45 tRNA-Met [1296782,1296857] 34 (cat)
[21:38:26] 46 tRNA-Thr [1296915,1296990] 34 (ggt)
[21:38:26] 47 tRNA-Met [1296996,1297072] 35 (cat)
[21:38:26] 48 tRNA-Gly c[1320261,1320334] 33 (ccc)
[21:38:26] 49 tmRNA c[1401176,1401526] 94,126 AKENNFALAA*
[21:38:26] 50 tRNA-Ala [1433492,1433567] 34 (tgc)
[21:38:26] 51 tRNA-Asp [1495967,1496043] 35 (gtc)
[21:38:26] 52 tRNA-Phe [1496047,1496122] 34 (gaa)
[21:38:26] 53 tRNA-Gly [1496128,1496202] 33 (gcc)
[21:38:26] 54 tRNA-Cys [1496208,1496281] 33 (gca)
[21:38:26] 55 tRNA-Leu [1496301,1496389] 35 (taa)
[21:38:26] 56 tRNA-Arg [1569375,1569451] 35 (acg)
[21:38:26] 57 tRNA-Ile [1583293,1583369] 35 (gat)
[21:38:26] 58 tRNA-Ile [1583426,1583502] 35 (gat)
[21:38:26] 59 tRNA-Lys c[1697496,1697571] 34 (ctt)
[21:38:26] 60 tRNA-Val [1769259,1769335] 35 (gac)
[21:38:26] 61 tRNA-Val [1770013,1770089] 35 (gac)
[21:38:26] 62 tRNA-Met [2143594,2143668] 33 (cat)
[21:38:26] 63 tRNA-Arg c[2444447,2444521] 34 (ccg)
[21:38:26] 64 tRNA-Arg c[2444529,2444605] 35 (tct)
[21:38:26] 65 tRNA-Gly c[2444614,2444687] 33 (tcc)
[21:38:26] 66 tRNA-Pro c[2444700,2444776] 35 (tgg)
[21:38:26] 67 tRNA-Leu c[2534994,2535077] 34 (tag)
[21:38:26] Found 67 tRNAs
[21:38:26] Predicting Ribosomal RNAs
[21:38:26] Running Barrnap with 8 threads
[21:38:28] 1 CP027569.1 308111 5S ribosomal RNA
[21:38:28] 2 CP027569.1 308328 23S ribosomal RNA
[21:38:28] 3 CP027569.1 311685 16S ribosomal RNA
[21:38:28] 4 CP027569.1 453575 5S ribosomal RNA
[21:38:28] 5 CP027569.1 453791 23S ribosomal RNA
[21:38:28] 6 CP027569.1 456863 16S ribosomal RNA
[21:38:28] 7 CP027569.1 663411 5S ribosomal RNA
[21:38:28] 8 CP027569.1 663627 23S ribosomal RNA
[21:38:28] 9 CP027569.1 666700 16S ribosomal RNA
[21:38:28] 10 CP027569.1 932225 5S ribosomal RNA
[21:38:28] 11 CP027569.1 932462 23S ribosomal RNA
[21:38:28] 12 CP027569.1 935535 16S ribosomal RNA
[21:38:28] 13 CP027569.1 986446 5S ribosomal RNA
[21:38:28] 14 CP027569.1 986754 23S ribosomal RNA
[21:38:28] 15 CP027569.1 989826 16S ribosomal RNA
[21:38:28] 16 CP027569.1 1140757 16S ribosomal RNA
[21:38:28] 17 CP027569.1 1142618 23S ribosomal RNA
[21:38:28] 18 CP027569.1 1145634 5S ribosomal RNA
[21:38:28] 19 CP027569.1 1431844 16S ribosomal RNA
[21:38:28] 20 CP027569.1 1433672 23S ribosomal RNA
[21:38:28] 21 CP027569.1 1436780 5S ribosomal RNA
[21:38:28] Found 21 rRNAs
[21:38:28] Skipping ncRNA search, enable with --rfam if desired.
[21:38:28] Total of 87 tRNA + rRNA features
[21:38:28] Searching for CRISPR repeats
[21:38:28] CRISPR1 CP027569.1 1599955 with 32 spacers
[21:38:28] CRISPR2 CP027569.1 1603220 with 26 spacers
[21:38:28] CRISPR3 CP027569.1 1625569 with 20 spacers
[21:38:28] CRISPR4 CP027569.1 1627954 with 29 spacers
[21:38:28] CRISPR5 CP027569.1 1642719 with 11 spacers
[21:38:28] CRISPR6 CP027569.1 2001839 with 12 spacers
[21:38:28] CRISPR7 CP027569.1 2452257 with 21 spacers
[21:38:28] Found 7 CRISPRs
[21:38:28] Predicting coding sequences
[21:38:28] Contigs total 2566193 bp, so using single mode
[21:38:28] Running: prodigal -i \/home\/fhwn\.ac\.at\/123242\/cam_proj\/06_annotation\/PROKKA_10062023\.fna -c -m -g 11 -p single -f sco -q
[21:38:35] Excluding CDS which overlaps existing RNA (tRNA) at CP027569.1:143406..144188 on - strand
[21:38:35] Excluding CDS which overlaps existing RNA (tRNA) at CP027569.1:306393..307925 on + strand
[21:38:36] Excluding CDS which overlaps existing RNA (rRNA) at CP027569.1:985974..986855 on + strand
[21:38:39] Found 2324 CDS
[21:38:39] Connecting features back to sequences
[21:38:39] Not using genus-specific database. Try --usegenus to enable it.
[21:38:39] Annotating CDS, please be patient.
[21:38:39] Will use 8 CPUs for similarity searching.
[21:38:40] There are still 2324 unannotated CDS left (started with 2324)
[21:38:40] Will use blast to search against /apps/anaconda3/envs/prokka/db/kingdom/Bacteria/IS with 8 CPUs
[21:38:40] Running: cat \/home\/fhwn\.ac\.at\/123242\/cam_proj\/06_annotation\/IS\.faa | parallel --gnu --plain -j 8 --block 47148 --recstart '>' --pipe blastp -query - -db /apps/anaconda3/envs/prokka/db/kingdom/Bacteria/IS -evalue 1e-30 -qcov_hsp_perc 90 -num_threads 1 -num_descriptions 1 -num_alignments 1 -seg no > \/home\/fhwn\.ac\.at\/123242\/cam_proj\/06_annotation\/IS\.blast 2> /dev/null
[21:38:49] Deleting unwanted file: /home/fhwn.ac.at/123242/cam_proj/06_annotation/IS.faa
[21:38:49] Deleting unwanted file: /home/fhwn.ac.at/123242/cam_proj/06_annotation/IS.blast
[21:38:50] There are still 2297 unannotated CDS left (started with 2324)
[21:38:50] Will use blast to search against /apps/anaconda3/envs/prokka/db/kingdom/Bacteria/AMR with 8 CPUs
[21:38:50] Running: cat \/home\/fhwn\.ac\.at\/123242\/cam_proj\/06_annotation\/AMR\.faa | parallel --gnu --plain -j 8 --block 46612 --recstart '>' --pipe blastp -query - -db /apps/anaconda3/envs/prokka/db/kingdom/Bacteria/AMR -evalue 9.99999999999999e-301 -qcov_hsp_perc 90 -num_threads 1 -num_descriptions 1 -num_alignments 1 -seg no > \/home\/fhwn\.ac\.at\/123242\/cam_proj\/06_annotation\/AMR\.blast 2> /dev/null
[21:38:56] Deleting unwanted file: /home/fhwn.ac.at/123242/cam_proj/06_annotation/AMR.faa
[21:38:56] Deleting unwanted file: /home/fhwn.ac.at/123242/cam_proj/06_annotation/AMR.blast
[21:38:57] There are still 2297 unannotated CDS left (started with 2324)
[21:38:57] Will use blast to search against /apps/anaconda3/envs/prokka/db/kingdom/Bacteria/sprot with 8 CPUs
[21:38:57] Running: cat \/home\/fhwn\.ac\.at\/123242\/cam_proj\/06_annotation\/sprot\.faa | parallel --gnu --plain -j 8 --block 46612 --recstart '>' --pipe blastp -query - -db /apps/anaconda3/envs/prokka/db/kingdom/Bacteria/sprot -evalue 1e-09 -qcov_hsp_perc 80 -num_threads 1 -num_descriptions 1 -num_alignments 1 -seg no > \/home\/fhwn\.ac\.at\/123242\/cam_proj\/06_annotation\/sprot\.blast 2> /dev/null
[21:39:26] Modify product: Uncharacterized membrane protein YdfK => putative membrane protein YdfK
[21:39:26] Modify product: UPF0597 protein YhaM => hypothetical protein
[21:39:26] Modify product: Probable serine transporter => putative serine transporter
[21:39:26] Modify product: Uncharacterized metal-dependent hydrolase YcfH => putative metal-dependent hydrolase YcfH
[21:39:26] Modify product: Uncharacterized amino acid permease YhdG => putative amino acid permease YhdG
[21:39:26] Modify product: Uncharacterized hydrolase YxeP => putative hydrolase YxeP
[21:39:26] Modify product: Probable M18 family aminopeptidase 1 => putative M18 family aminopeptidase 1
[21:39:26] Modify product: Putative acetyltransferase SA2342 => Putative acetyltransferase
[21:39:26] Modify product: Uncharacterized protein PA2218 => putative protein
[21:39:26] Modify product: Uncharacterized protein PA2218 => putative protein
[21:39:26] Modify product: Probable L-asparaginase => putative L-asparaginase
[21:39:26] Modify product: Uncharacterized amino acid permease YhdG => putative amino acid permease YhdG
[21:39:26] Modify product: UPF0365 protein SA1402 => hypothetical protein
[21:39:26] Modify product: Probable endonuclease 4 => putative endonuclease 4
[21:39:26] Modify product: Uncharacterized FAD-linked oxidoreductase Rv2280 => putative FAD-linked oxidoreductase
[21:39:26] Modify product: Probable murein peptide carboxypeptidase => putative murein peptide carboxypeptidase
[21:39:26] Modify product: Probable protein-export membrane protein SecG => putative protein-export membrane protein SecG
[21:39:26] Modify product: Probable multidrug resistance ABC transporter ATP-binding/permease protein YheI => putative multidrug resistance ABC transporter ATP-binding/permease protein YheI
[21:39:26] Modify product: Uncharacterized HTH-type transcriptional regulator YtcD => putative HTH-type transcriptional regulator YtcD
[21:39:26] Modify product: Probable transport protein YifK => putative transport protein YifK
[21:39:26] Modify product: Probable transcriptional regulatory protein pdtaR => putative transcriptional regulatory protein pdtaR
[21:39:26] Modify product: Uncharacterized protein YqgN => putative protein YqgN
[21:39:26] Modify product: Probable manganese efflux pump MntP => putative manganese efflux pump MntP
[21:39:26] Modify product: Probable succinyl-diaminopimelate desuccinylase => putative succinyl-diaminopimelate desuccinylase
[21:39:26] Modify product: Probable xanthine dehydrogenase subunit A => putative xanthine dehydrogenase subunit A
[21:39:26] Modify product: Uncharacterized amino acid permease YhdG => putative amino acid permease YhdG
[21:39:26] Modify product: UPF0213 protein BH0048 => hypothetical protein
[21:39:26] Modify product: Uncharacterized FAD-linked oxidoreductase Rv2280 => putative FAD-linked oxidoreductase
[21:39:26] Modify product: Probable cysteine desulfurase => putative cysteine desulfurase
[21:39:26] Modify product: PTS system EIIBC component SA0186 => PTS system EIIBC component
[21:39:27] Modify product: Uncharacterized FAD-linked oxidoreductase Rv2280 => putative FAD-linked oxidoreductase
[21:39:27] Modify product: Uncharacterized hydrolase YxeP => putative hydrolase YxeP
[21:39:27] Modify product: Transcriptional repressor SmtB homolog => Transcriptional repressor SmtB 
[21:39:27] Modify product: UPF0045 protein Rv1898 => hypothetical protein
[21:39:27] Modify product: Probable cell division protein WhiA => putative cell division protein WhiA
[21:39:27] Modify product: Probable peptidoglycan glycosyltransferase FtsW => putative peptidoglycan glycosyltransferase FtsW
[21:39:27] Modify product: Probable serine transporter => putative serine transporter
[21:39:27] Modify product: Glutathione peroxidase homolog BsaA => Glutathione peroxidase BsaA
[21:39:27] Modify product: Uncharacterized hydrolase YxeP => putative hydrolase YxeP
[21:39:27] Modify product: Uncharacterized MFS-type transporter YhhS => putative MFS-type transporter YhhS
[21:39:27] Modify product: Uncharacterized membrane protein Rv2637 => putative membrane protein
[21:39:27] Modify product: Uncharacterized inner membrane transporter YicL => putative inner membrane transporter YicL
[21:39:27] Modify product: Uncharacterized ABC transporter ATP-binding protein YknY => putative ABC transporter ATP-binding protein YknY
[21:39:27] Modify product: Uncharacterized FAD-linked oxidoreductase Rv2280 => putative FAD-linked oxidoreductase
[21:39:27] Modify product: Uncharacterized ABC transporter ATP-binding protein YheS => putative ABC transporter ATP-binding protein YheS
[21:39:27] Modify product: Putative multidrug export ATP-binding/permease protein SAV1866 => Putative multidrug export ATP-binding/permease protein
[21:39:27] Modify product: Uncharacterized FAD-linked oxidoreductase Rv2280 => putative FAD-linked oxidoreductase
[21:39:27] Modify product: Phosphate-specific transport system accessory protein PhoU homolog => Phosphate-specific transport system accessory protein PhoU 
[21:39:27] Modify product: Uncharacterized FAD-linked oxidoreductase Rv2280 => putative FAD-linked oxidoreductase
[21:39:27] Modify product: Uncharacterized beta-barrel protein YwiB => putative beta-barrel protein YwiB
[21:39:27] Modify product: Putative universal stress protein SA1532 => Putative universal stress protein
[21:39:27] Modify product: Universal stress protein Rv2005c => Universal stress protein
[21:39:27] Modify product: Nucleoid-associated protein Cthe_2143 => Nucleoid-associated protein
[21:39:27] Modify product: UPF0053 inner membrane protein YtfL => hypothetical protein
[21:39:27] Modify product: Uncharacterized MFS-type transporter YhjX => putative MFS-type transporter YhjX
[21:39:27] Modify product: HTH-type transcriptional regulator Cphy_2742 => HTH-type transcriptional regulator
[21:39:27] Modify product: Uncharacterized symporter YjmB => putative symporter YjmB
[21:39:27] Modify product: Putative lipid kinase SP_1045 => Putative lipid kinase
[21:39:27] Modify product: UPF0597 protein YhaM => hypothetical protein
[21:39:27] Modify product: UPF0173 metal-dependent hydrolase TM_1162 => hypothetical protein
[21:39:27] Modify product: Probable N-acetyl-LL-diaminopimelate aminotransferase => putative N-acetyl-LL-diaminopimelate aminotransferase
[21:39:27] Modify product: Uncharacterized HIT-like protein HP_0404 => putative HIT-like protein
[21:39:27] Modify product: Probable M18 family aminopeptidase 2 => putative M18 family aminopeptidase 2
[21:39:27] Modify product: Putative 2-hydroxyacid dehydrogenase HI_1556 => Putative 2-hydroxyacid dehydrogenase
[21:39:27] Modify product: Probable fused nickel transport protein LarMN => putative fused nickel transport protein LarMN
[21:39:27] Modify product: Uncharacterized glycosyltransferase sll0501 => putative glycosyltransferase
[21:39:27] Modify product: UPF0324 inner membrane protein YeiH => hypothetical protein
[21:39:27] Modify product: Uncharacterized protein YbdM => putative protein YbdM
[21:39:27] Modify product: Probable GTP-binding protein EngB => putative GTP-binding protein EngB
[21:39:27] Modify product: Uncharacterized glycosyltransferase sll0501 => putative glycosyltransferase
[21:39:27] Modify product: UPF0297 protein M6_Spy1796 => hypothetical protein
[21:39:27] Modify product: Probable ribonucleotide transport ATP-binding protein mkl => putative ribonucleotide transport ATP-binding protein mkl
[21:39:27] Modify product: TelA-like protein SA1238 => TelA-like protein
[21:39:27] Modify product: Uncharacterized AAA domain-containing protein Rv2559c => putative AAA domain-containing protein
[21:39:27] Modify product: Uncharacterized hydrolase YxeP => putative hydrolase YxeP
[21:39:27] Modify product: Bifunctional protein FolD => Bifunctional protein FolD protein
[21:39:27] Modify product: Uncharacterized protein HI_1162 => putative protein
[21:39:27] Modify product: Uncharacterized protein YjdJ => putative protein YjdJ
[21:39:27] Modify product: UPF0122 protein SAV1236 => hypothetical protein
[21:39:27] Modify product: UPF0109 protein Rv2908c => hypothetical protein
[21:39:27] Modify product: Uncharacterized protein TM_1570 => putative protein
[21:39:27] Modify product: Probable transcriptional regulatory protein DVU_2259 => putative transcriptional regulatory protein
[21:39:27] Modify product: Uncharacterized HTH-type transcriptional regulator YtcD => putative HTH-type transcriptional regulator YtcD
[21:39:28] Modify product: Acetyltransferase SACOL1063 => Acetyltransferase
[21:39:28] Modify product: Cyclic di-GMP phosphodiesterase TM_0186 => Cyclic di-GMP phosphodiesterase
[21:39:28] Modify product: Uncharacterized aminopeptidase Rv1333 => putative aminopeptidase
[21:39:28] Modify product: UPF0126 inner membrane protein YadS => hypothetical protein
[21:39:28] Modify product: Uncharacterized protein YqeY => putative protein YqeY
[21:39:28] Modify product: UPF0237 protein SP_0238 => hypothetical protein
[21:39:28] Modify product: UPF0210 protein SP_0239 => hypothetical protein
[21:39:28] Modify product: Probable undecaprenyl-phosphate N-acetylglucosaminyl 1-phosphate transferase => putative undecaprenyl-phosphate N-acetylglucosaminyl 1-phosphate transferase
[21:39:28] Modify product: Probable nicotinate-nucleotide pyrophosphorylase [carboxylating] => putative nicotinate-nucleotide pyrophosphorylase [carboxylating]
[21:39:28] Modify product: UPF0051 protein SA0778 => hypothetical protein
[21:39:28] Modify product: UPF0053 protein Rv1842c => hypothetical protein
[21:39:28] Modify product: GTP cyclohydrolase 1 type 2 homolog => GTP cyclohydrolase 1 type 2 
[21:39:28] Modify product: Probable nicotinate-nucleotide adenylyltransferase => putative nicotinate-nucleotide adenylyltransferase
[21:39:28] Modify product: Uncharacterized protein Rv2581c => putative protein
[21:39:28] Modify product: Probable sulfoacetate transporter SauU => putative sulfoacetate transporter SauU
[21:39:28] Modify product: Ribosome-associated protein L7Ae-like => Ribosome-associated protein L7Ae-like protein
[21:39:28] Modify product: Probable murein peptide carboxypeptidase => putative murein peptide carboxypeptidase
[21:39:28] Modify product: Putative HTH-type transcriptional regulator Rv1287 => Putative HTH-type transcriptional regulator
[21:39:28] Modify product: Probable dual-specificity RNA methyltransferase RlmN => putative dual-specificity RNA methyltransferase RlmN
[21:39:28] Modify product: Nitrilase blr3397 => Nitrilase
[21:39:28] Modify product: Uncharacterized oxidoreductase MSMEG_2408/MSMEI_2347 => putative oxidoreductase/MSMEI_2347
[21:39:28] Modify product: UPF0758 protein YsxA => hypothetical protein
[21:39:28] Modify product: Probable cobalt-factor III C(17)-methyltransferase => putative cobalt-factor III C(17)-methyltransferase
[21:39:28] Modify product: Probable siderophore transport system ATP-binding protein YusV => putative siderophore transport system ATP-binding protein YusV
[21:39:28] Modify product: Uncharacterized HTH-type transcriptional regulator YbbH => putative HTH-type transcriptional regulator YbbH
[21:39:28] Modify product: Protease HtpX homolog => Protease HtpX 
[21:39:28] Modify product: Uncharacterized amino acid permease YhdG => putative amino acid permease YhdG
[21:39:28] Modify product: Uncharacterized protein YisK => putative protein YisK
[21:39:28] Modify product: Uncharacterized membrane protein YdfK => putative membrane protein YdfK
[21:39:28] Modify product: Probable membrane transporter protein YfcA => putative membrane transporter protein YfcA
[21:39:28] Modify product: Putative metallophosphoesterase MG207 homolog => Putative metallophosphoesterase MG207 
[21:39:28] Modify product: Uncharacterized protein YloA => putative protein YloA
[21:39:28] Modify product: UPF0701 protein YicC => hypothetical protein
[21:39:28] Cleaned 116 /product names
[21:39:28] Deleting unwanted file: /home/fhwn.ac.at/123242/cam_proj/06_annotation/sprot.faa
[21:39:28] Deleting unwanted file: /home/fhwn.ac.at/123242/cam_proj/06_annotation/sprot.blast
[21:39:29] There are still 1104 unannotated CDS left (started with 2324)
[21:39:29] Will use hmmer3 to search against /apps/anaconda3/envs/prokka/db/hmm/HAMAP.hmm with 8 CPUs
[21:39:29] Running: cat \/home\/fhwn\.ac\.at\/123242\/cam_proj\/06_annotation\/HAMAP\.hmm\.faa | parallel --gnu --plain -j 8 --block 20487 --recstart '>' --pipe hmmscan --noali --notextw --acc -E 1e-09 --cpu 1 /apps/anaconda3/envs/prokka/db/hmm/HAMAP.hmm /dev/stdin > \/home\/fhwn\.ac\.at\/123242\/cam_proj\/06_annotation\/HAMAP\.hmm\.hmmer3 2> /dev/null
[21:39:38] Modify product: Uncharacterized Nudix hydrolase NudL => putative Nudix hydrolase NudL
[21:39:38] Cleaned 1 /product names
[21:39:38] Deleting unwanted file: /home/fhwn.ac.at/123242/cam_proj/06_annotation/HAMAP.hmm.faa
[21:39:38] Deleting unwanted file: /home/fhwn.ac.at/123242/cam_proj/06_annotation/HAMAP.hmm.hmmer3
[21:39:38] Labelling remaining 934 proteins as 'hypothetical protein'
[21:39:38] Possible /pseudo '2-aminoadipate transaminase' at CP027569.1 position 134158
[21:39:38] Possible /pseudo 'Inosine-5'-monophosphate dehydrogenase' at CP027569.1 position 254586
[21:39:38] Possible /pseudo 'L-cystine-binding protein FliY' at CP027569.1 position 692476
[21:39:38] Possible /pseudo 'Undecaprenyl phosphate-alpha-4-amino-4-deoxy-L-arabinose arabinosyl transferase' at CP027569.1 position 788670
[21:39:38] Possible /pseudo 'Proline racemase' at CP027569.1 position 951279
[21:39:38] Possible /pseudo 'Formate dehydrogenase H' at CP027569.1 position 1170078
[21:39:38] Possible /pseudo 'Peptide transporter CstA' at CP027569.1 position 1228821
[21:39:38] Possible /pseudo 'D-methionine-binding lipoprotein MetQ' at CP027569.1 position 1394085
[21:39:38] Possible /pseudo 'Acetyl-CoA acetyltransferase' at CP027569.1 position 1576142
[21:39:38] Possible /pseudo 'Trk system potassium uptake protein TrkH' at CP027569.1 position 2515063
[21:39:38] Found 1078 unique /gene codes.
[21:39:38] Fixed 2 duplicate /gene - ecfT_1 ecfT_2
[21:39:38] Fixed 3 duplicate /gene - trkH_1 trkH_2 trkH_3
[21:39:38] Fixed 2 duplicate /gene - bepE_1 bepE_2
[21:39:38] Fixed 3 duplicate /gene - cstA_1 cstA_2 cstA_3
[21:39:38] Fixed 2 duplicate /gene - lysN_1 lysN_2
[21:39:38] Fixed 2 duplicate /gene - ydiF_1 ydiF_2
[21:39:38] Fixed 2 duplicate /gene - cobT_1 cobT_2
[21:39:38] Fixed 2 duplicate /gene - yciV_1 yciV_2
[21:39:38] Fixed 2 duplicate /gene - bepA_1 bepA_2
[21:39:38] Fixed 2 duplicate /gene - srrA_1 srrA_2
[21:39:38] Fixed 2 duplicate /gene - btuB_1 btuB_2
[21:39:38] Fixed 3 duplicate /gene - brnQ_1 brnQ_2 brnQ_3
[21:39:38] Fixed 4 duplicate /gene - metQ_1 metQ_2 metQ_3 metQ_4
[21:39:38] Fixed 2 duplicate /gene - aspA_1 aspA_2
[21:39:38] Fixed 4 duplicate /gene - arnT_1 arnT_2 arnT_3 arnT_4
[21:39:38] Fixed 3 duplicate /gene - cpdA_1 cpdA_2 cpdA_3
[21:39:38] Fixed 2 duplicate /gene - glnP_1 glnP_2
[21:39:38] Fixed 2 duplicate /gene - pdxK_1 pdxK_2
[21:39:38] Fixed 2 duplicate /gene - ywnA_1 ywnA_2
[21:39:38] Fixed 4 duplicate /gene - yxeP_1 yxeP_2 yxeP_3 yxeP_4
[21:39:38] Fixed 2 duplicate /gene - norV_1 norV_2
[21:39:38] Fixed 2 duplicate /gene - ribZ_1 ribZ_2
[21:39:38] Fixed 2 duplicate /gene - ilvC_1 ilvC_2
[21:39:38] Fixed 2 duplicate /gene - cas2_1 cas2_2
[21:39:38] Fixed 2 duplicate /gene - cadA_1 cadA_2
[21:39:38] Fixed 2 duplicate /gene - cobD_1 cobD_2
[21:39:38] Fixed 2 duplicate /gene - addA_1 addA_2
[21:39:38] Fixed 2 duplicate /gene - tsaD_1 tsaD_2
[21:39:38] Fixed 3 duplicate /gene - pqqE_1 pqqE_2 pqqE_3
[21:39:38] Fixed 2 duplicate /gene - dnaK_1 dnaK_2
[21:39:38] Fixed 4 duplicate /gene - yhdG_1 yhdG_2 yhdG_3 yhdG_4
[21:39:38] Fixed 2 duplicate /gene - rluD_1 rluD_2
[21:39:38] Fixed 3 duplicate /gene - mdtA_1 mdtA_2 mdtA_3
[21:39:38] Fixed 3 duplicate /gene - queE_1 queE_2 queE_3
[21:39:38] Fixed 2 duplicate /gene - nifH1_1 nifH1_2
[21:39:38] Fixed 2 duplicate /gene - cas1_1 cas1_2
[21:39:38] Fixed 3 duplicate /gene - der_1 der_2 der_3
[21:39:38] Fixed 2 duplicate /gene - carD_1 carD_2
[21:39:38] Fixed 3 duplicate /gene - clpP_1 clpP_2 clpP_3
[21:39:38] Fixed 2 duplicate /gene - mepA_1 mepA_2
[21:39:38] Fixed 2 duplicate /gene - regX3_1 regX3_2
[21:39:38] Fixed 2 duplicate /gene - thiE_1 thiE_2
[21:39:38] Fixed 2 duplicate /gene - carE_1 carE_2
[21:39:38] Fixed 2 duplicate /gene - aptA_1 aptA_2
[21:39:38] Fixed 2 duplicate /gene - ypdB_1 ypdB_2
[21:39:38] Fixed 2 duplicate /gene - metK_1 metK_2
[21:39:38] Fixed 2 duplicate /gene - dlsT_1 dlsT_2
[21:39:38] Fixed 8 duplicate /gene - xerC_1 xerC_2 xerC_3 xerC_4 xerC_5 xerC_6 xerC_7 xerC_8
[21:39:38] Fixed 2 duplicate /gene - polC_1 polC_2
[21:39:38] Fixed 2 duplicate /gene - ecfA2_1 ecfA2_2
[21:39:38] Fixed 2 duplicate /gene - cysL_1 cysL_2
[21:39:38] Fixed 2 duplicate /gene - thiM_1 thiM_2
[21:39:38] Fixed 3 duplicate /gene - flr_1 flr_2 flr_3
[21:39:38] Fixed 2 duplicate /gene - rbn_1 rbn_2
[21:39:38] Fixed 2 duplicate /gene - pduA_1 pduA_2
[21:39:38] Fixed 2 duplicate /gene - slyA_1 slyA_2
[21:39:38] Fixed 3 duplicate /gene - btuD_1 btuD_2 btuD_3
[21:39:38] Fixed 4 duplicate /gene - rsxB_1 rsxB_2 rsxB_3 rsxB_4
[21:39:38] Fixed 2 duplicate /gene - mreB_1 mreB_2
[21:39:38] Fixed 2 duplicate /gene - crt_1 crt_2
[21:39:38] Fixed 3 duplicate /gene - gtaB_1 gtaB_2 gtaB_3
[21:39:38] Fixed 2 duplicate /gene - trpD_1 trpD_2
[21:39:38] Fixed 3 duplicate /gene - larA_1 larA_2 larA_3
[21:39:38] Fixed 3 duplicate /gene - yfkJ_1 yfkJ_2 yfkJ_3
[21:39:38] Fixed 2 duplicate /gene - adh2_1 adh2_2
[21:39:38] Fixed 2 duplicate /gene - ykfA_1 ykfA_2
[21:39:38] Fixed 2 duplicate /gene - pspA_1 pspA_2
[21:39:38] Fixed 2 duplicate /gene - larC_1 larC_2
[21:39:38] Fixed 2 duplicate /gene - glf_1 glf_2
[21:39:38] Fixed 2 duplicate /gene - dut_1 dut_2
[21:39:38] Fixed 3 duplicate /gene - gltC_1 gltC_2 gltC_3
[21:39:38] Fixed 2 duplicate /gene - pta_1 pta_2
[21:39:38] Fixed 2 duplicate /gene - era_1 era_2
[21:39:38] Fixed 2 duplicate /gene - gloB_1 gloB_2
[21:39:38] Fixed 2 duplicate /gene - xylB_1 xylB_2
[21:39:38] Fixed 3 duplicate /gene - carA_1 carA_2 carA_3
[21:39:38] Fixed 2 duplicate /gene - pabA_1 pabA_2
[21:39:38] Fixed 3 duplicate /gene - norR_1 norR_2 norR_3
[21:39:38] Fixed 2 duplicate /gene - artM_1 artM_2
[21:39:38] Fixed 2 duplicate /gene - recF_1 recF_2
[21:39:38] Fixed 2 duplicate /gene - pyk_1 pyk_2
[21:39:38] Fixed 2 duplicate /gene - yidA_1 yidA_2
[21:39:38] Fixed 2 duplicate /gene - spoVB_1 spoVB_2
[21:39:38] Fixed 2 duplicate /gene - lepA_1 lepA_2
[21:39:38] Fixed 2 duplicate /gene - gldA_1 gldA_2
[21:39:38] Fixed 2 duplicate /gene - mtr_1 mtr_2
[21:39:38] Fixed 2 duplicate /gene - ilvB_1 ilvB_2
[21:39:38] Fixed 2 duplicate /gene - fdhF_1 fdhF_2
[21:39:38] Fixed 5 duplicate /gene - glnH_1 glnH_2 glnH_3 glnH_4 glnH_5
[21:39:38] Fixed 2 duplicate /gene - lpxL_1 lpxL_2
[21:39:38] Fixed 2 duplicate /gene - nrdD_1 nrdD_2
[21:39:38] Fixed 2 duplicate /gene - thlA_1 thlA_2
[21:39:38] Fixed 2 duplicate /gene - metN_1 metN_2
[21:39:38] Fixed 2 duplicate /gene - trxA_1 trxA_2
[21:39:38] Fixed 2 duplicate /gene - xre_1 xre_2
[21:39:38] Fixed 2 duplicate /gene - aes_1 aes_2
[21:39:38] Fixed 3 duplicate /gene - guaB_1 guaB_2 guaB_3
[21:39:38] Fixed 2 duplicate /gene - lptD_1 lptD_2
[21:39:38] Fixed 2 duplicate /gene - ftsL_1 ftsL_2
[21:39:38] Fixed 2 duplicate /gene - lexA_1 lexA_2
[21:39:38] Fixed 3 duplicate /gene - hdfR_1 hdfR_2 hdfR_3
[21:39:38] Fixed 2 duplicate /gene - rhaR_1 rhaR_2
[21:39:38] Fixed 3 duplicate /gene - cmk_1 cmk_2 cmk_3
[21:39:38] Fixed 2 duplicate /gene - argD_1 argD_2
[21:39:38] Fixed 6 duplicate /gene - sasA_1 sasA_2 sasA_3 sasA_4 sasA_5 sasA_6
[21:39:38] Fixed 2 duplicate /gene - fliY_1 fliY_2
[21:39:38] Fixed 2 duplicate /gene - gdh_1 gdh_2
[21:39:38] Fixed 2 duplicate /gene - kdgA_1 kdgA_2
[21:39:38] Fixed 2 duplicate /gene - gph_1 gph_2
[21:39:38] Fixed 2 duplicate /gene - dfx_1 dfx_2
[21:39:38] Fixed 2 duplicate /gene - ilvH_1 ilvH_2
[21:39:38] Fixed 2 duplicate /gene - tmk_1 tmk_2
[21:39:38] Fixed 2 duplicate /gene - ytcD_1 ytcD_2
[21:39:38] Fixed 2 duplicate /gene - hisC_1 hisC_2
[21:39:38] Fixed 2 duplicate /gene - nirC_1 nirC_2
[21:39:38] Fixed 4 duplicate /gene - alsT_1 alsT_2 alsT_3 alsT_4
[21:39:38] Fixed 2 duplicate /gene - kdgK_1 kdgK_2
[21:39:38] Fixed 2 duplicate /gene - ydfK_1 ydfK_2
[21:39:38] Fixed 2 duplicate /gene - purH_1 purH_2
[21:39:38] Fixed 2 duplicate /gene - aptB_1 aptB_2
[21:39:38] Fixed 2 duplicate /gene - patB_1 patB_2
[21:39:38] Fixed 2 duplicate /gene - sdhA_1 sdhA_2
[21:39:38] Fixed 3 duplicate /gene - panS_1 panS_2 panS_3
[21:39:38] Fixed 2 duplicate /gene - fusA_1 fusA_2
[21:39:38] Fixed 2 duplicate /gene - aroK_1 aroK_2
[21:39:38] Fixed 2 duplicate /gene - cysG_1 cysG_2
[21:39:38] Fixed 2 duplicate /gene - ruvB_1 ruvB_2
[21:39:38] Fixed 2 duplicate /gene - gltX_1 gltX_2
[21:39:38] Fixed 128 colliding /gene names.
[21:39:38] Adding /locus_tag identifiers
[21:39:38] Assigned 2412 locus_tags to CDS and RNA features.
[21:39:38] Writing outputs to /home/fhwn.ac.at/123242/cam_proj/06_annotation/
[21:39:40] Generating annotation statistics file
[21:39:40] Generating Genbank and Sequin files
[21:39:40] Running: tbl2asn -V b -a r10k -l paired-ends -M n -N 1 -y 'Annotated using prokka 1.13.3 from https://github.com/tseemann/prokka' -Z \/home\/fhwn\.ac\.at\/123242\/cam_proj\/06_annotation\/PROKKA_10062023\.err -i \/home\/fhwn\.ac\.at\/123242\/cam_proj\/06_annotation\/PROKKA_10062023\.fsa 2> /dev/null
[21:39:46] Could not run command: tbl2asn -V b -a r10k -l paired-ends -M n -N 1 -y 'Annotated using prokka 1.13.3 from https://github.com/tseemann/prokka' -Z \/home\/fhwn\.ac\.at\/123242\/cam_proj\/06_annotation\/PROKKA_10062023\.err -i \/home\/fhwn\.ac\.at\/123242\/cam_proj\/06_annotation\/PROKKA_10062023\.fsa 2> /dev/null
